<?xml version="1.0" encoding="UTF-8"?>
<!-- Generated by org.testng.reporters.JUnitReportReporter -->
<testsuite hostname="ELW10087" failures="0" tests="2" name="testngframework.HRMLogin" time="8.345" errors="0" timestamp="04 Oct 2022 17:29:27 GMT" skipped="0">
  <testcase classname="testngframework.HRMLogin" name="logout" time="3.457"/>
  <testcase classname="testngframework.HRMLogin" name="login" time="4.888"/>
</testsuite> <!-- testngframework.HRMLogin -->
