<?xml version="1.0" encoding="UTF-8"?>
<!-- Generated by org.testng.reporters.JUnitReportReporter -->
<testsuite hostname="ELW10087" failures="0" tests="1" name="testngframework.MethodOverloadingSearch" time="14.466" errors="0" timestamp="06 Oct 2022 17:09:19 GMT" skipped="0">
  <testcase classname="testngframework.MethodOverloadingSearch" name="loginsearch" time="14.466"/>
</testsuite> <!-- testngframework.MethodOverloadingSearch -->
