<?xml version="1.0" encoding="UTF-8"?>
<!-- Generated by org.testng.reporters.JUnitReportReporter -->
<testsuite hostname="ELW10087" failures="0" tests="1" name="testngframework.ApplyLeave" time="20.166" errors="0" timestamp="06 Oct 2022 15:15:13 GMT" skipped="0">
  <testcase classname="testngframework.ApplyLeave" name="hrmleave" time="20.166"/>
</testsuite> <!-- testngframework.ApplyLeave -->
