<?xml version="1.0" encoding="UTF-8"?>
<!-- Generated by org.testng.reporters.JUnitReportReporter -->
<testsuite hostname="ELW10087" failures="0" tests="1" name="testngframework.ApplyLeave" time="13.558" errors="0" timestamp="10 Oct 2022 04:35:21 GMT" skipped="0">
  <testcase classname="testngframework.ApplyLeave" name="hrmleave" time="13.558"/>
</testsuite> <!-- testngframework.ApplyLeave -->
